#
# There is insufficient memory for the Java Runtime Environment to continue.
# Native memory allocation (malloc) failed to allocate 131088 bytes for Chunk::new
# Possible reasons:
#   The system is out of physical RAM or swap space
#   In 32 bit mode, the process size limit was hit
# Possible solutions:
#   Reduce memory load on the system
#   Increase physical memory or swap space
#   Check if swap backing store is full
#   Use 64 bit Java on a 64 bit OS
#   Decrease Java heap size (-Xmx/-Xms)
#   Decrease number of Java threads
#   Decrease Java thread stack sizes (-Xss)
#   Set larger code cache with -XX:ReservedCodeCacheSize=
# This output file may be truncated or incomplete.
#
#  Out of Memory Error (allocation.cpp:390), pid=3376, tid=0x0000000000000258
#
# JRE version: Java(TM) SE Runtime Environment (8.0_131-b11) (build 1.8.0_131-b11)
# Java VM: Java HotSpot(TM) 64-Bit Server VM (25.131-b11 mixed mode windows-amd64 compressed oops)
# Failed to write core dump. Minidumps are not enabled by default on client versions of Windows
#

---------------  T H R E A D  ---------------

Current thread (0x0000000014bf1000):  JavaThread "C2 CompilerThread1" daemon [_thread_in_native, id=600, stack(0x0000000016320000,0x0000000016420000)]

Stack: [0x0000000016320000,0x0000000016420000]
[error occurred during error reporting (printing stack bounds), id 0xc0000005]

Native frames: (J=compiled Java code, j=interpreted, Vv=VM code, C=native code)


Current CompileTask:
C2: 141911 7663   !   4       com.sun.org.apache.xerces.internal.parsers.AbstractSAXParser::startElement (318 bytes)


---------------  P R O C E S S  ---------------

Java Threads: ( => current thread )
  0x0000000018336800 JavaThread "File lock request listener" [_thread_in_native, id=2704, stack(0x000000001cc60000,0x000000001cd60000)]
  0x000000001682d000 JavaThread "Asynchronous log dispatcher for org.gradle.launcher.daemon.server.DefaultDaemonConnection@fea54f1" [_thread_blocked, id=5200, stack(0x0000000019090000,0x0000000019190000)]
  0x0000000016e3b000 JavaThread "Daemon worker" [_thread_in_native, id=7620, stack(0x0000000018d90000,0x0000000018e90000)]
  0x0000000016e37800 JavaThread "Cancel handler" [_thread_blocked, id=4952, stack(0x0000000018c90000,0x0000000018d90000)]
  0x0000000017aab800 JavaThread "Handler for socket connection from /127.0.0.1:52360 to /127.0.0.1:52361" [_thread_in_native, id=1188, stack(0x0000000018b90000,0x0000000018c90000)]
  0x0000000017aaa800 JavaThread "Daemon" [_thread_blocked, id=3984, stack(0x0000000018a90000,0x0000000018b90000)]
  0x000000001775c000 JavaThread "Incoming local TCP Connector on port 52360" [_thread_in_native, id=3720, stack(0x00000000186b0000,0x00000000187b0000)]
  0x0000000017637800 JavaThread "pool-1-thread-1" [_thread_blocked, id=4744, stack(0x00000000008c0000,0x00000000009c0000)]
  0x0000000014c4d000 JavaThread "Service Thread" daemon [_thread_blocked, id=4264, stack(0x0000000016920000,0x0000000016a20000)]
  0x0000000014bf4000 JavaThread "C1 CompilerThread2" daemon [_thread_blocked, id=188, stack(0x0000000016420000,0x0000000016520000)]
=>0x0000000014bf1000 JavaThread "C2 CompilerThread1" daemon [_thread_in_native, id=600, stack(0x0000000016320000,0x0000000016420000)]
  0x0000000014bee800 JavaThread "C2 CompilerThread0" daemon [_thread_in_native, id=8008, stack(0x0000000016220000,0x0000000016320000)]
  0x0000000014bed800 JavaThread "Attach Listener" daemon [_thread_blocked, id=2904, stack(0x0000000016120000,0x0000000016220000)]
  0x0000000014bec800 JavaThread "Signal Dispatcher" daemon [_thread_blocked, id=2724, stack(0x0000000016020000,0x0000000016120000)]
  0x000000000242c000 JavaThread "Finalizer" daemon [_thread_blocked, id=6112, stack(0x0000000015e40000,0x0000000015f40000)]
  0x0000000002423000 JavaThread "Reference Handler" daemon [_thread_blocked, id=3788, stack(0x0000000015d40000,0x0000000015e40000)]
  0x000000000246e000 JavaThread "main" [_thread_blocked, id=3496, stack(0x0000000000ae0000,0x0000000000be0000)]

Other Threads:
  0x0000000014bb7800 VMThread [stack: 0x0000000015c40000,0x0000000015d40000] [id=7100]
  0x0000000016555000 WatcherThread [stack: 0x0000000016a20000,0x0000000016b20000] [id=8016]

VM state:not at safepoint (normal execution)

VM Mutex/Monitor currently owned by a thread: None

Heap:
 PSYoungGen      total 257024K, used 9446K [0x00000000eab00000, 0x00000000fba80000, 0x0000000100000000)
  eden space 240128K, 3% used [0x00000000eab00000,0x00000000eb439bf8,0x00000000f9580000)
  from space 16896K, 0% used [0x00000000faa00000,0x00000000faa00000,0x00000000fba80000)
  to   space 18944K, 0% used [0x00000000f9580000,0x00000000f9580000,0x00000000fa800000)
 ParOldGen       total 47104K, used 45895K [0x00000000c0000000, 0x00000000c2e00000, 0x00000000eab00000)
  object space 47104K, 97% used [0x00000000c0000000,0x00000000c2cd1e28,0x00000000c2e00000)
 Metaspace       used 50668K, capacity 51718K, committed 51840K, reserved 1093632K
  class space    used 6945K, capacity 7245K, committed 7296K, reserved 1048576K

Card table byte_map: [0x00000000118e0000,0x0000000011af0000] byte_map_base: 0x00000000112e0000

Marking Bits: (ParMarkBitMap*) 0x000000006f8bc720
 Begin Bits: [0x0000000012050000, 0x0000000013050000)
 End Bits:   [0x0000000013050000, 0x0000000014050000)

Polling page: 0x0000000000be0000

CodeCache: size=245760Kb used=21643Kb max_used=21989Kb free=224116Kb
 bounds [0x0000000002520000, 0x0000000003ad0000, 0x0000000011520000]
 total_blobs=7215 nmethods=6490 adapters=637
 compilation: enabled

Compilation events (10 events):
Event: 141.772 Thread 0x0000000014bf4000 7681       3       com.sun.org.apache.xerces.internal.dom.CoreDocumentImpl::getDocumentElement (16 bytes)
Event: 141.773 Thread 0x0000000014bf4000 nmethod 7681 0x0000000002a88810 code [0x0000000002a88980, 0x0000000002a88d28]
Event: 141.797 Thread 0x0000000014bf4000 7682       3       com.sun.org.apache.xerces.internal.impl.XMLDocumentFragmentScannerImpl::scanComment (31 bytes)
Event: 141.798 Thread 0x0000000014bf4000 nmethod 7682 0x00000000026d9410 code [0x00000000026d9580, 0x00000000026d9828]
Event: 141.798 Thread 0x0000000014bf4000 7683       3       com.sun.org.apache.xerces.internal.impl.XMLScanner::scanComment (108 bytes)
Event: 141.800 Thread 0x0000000014bf4000 nmethod 7683 0x0000000002a7ed90 code [0x0000000002a7f000, 0x0000000002a7fe68]
Event: 141.812 Thread 0x0000000014bf4000 7684   !   3       com.sun.org.apache.xerces.internal.parsers.AbstractSAXParser::setEntityResolver (121 bytes)
Event: 141.814 Thread 0x0000000014bf4000 nmethod 7684 0x0000000003ab8dd0 code [0x0000000003ab9020, 0x0000000003aba188]
Event: 141.825 Thread 0x0000000014bf4000 7686   !   3       sun.reflect.GeneratedConstructorAccessor49::newInstance (49 bytes)
Event: 141.827 Thread 0x0000000014bf4000 nmethod 7686 0x00000000028784d0 code [0x00000000028786a0, 0x0000000002878be8]

GC Heap History (10 events):
Event: 92.406 GC heap before
{Heap before GC invocations=11 (full 1):
 PSYoungGen      total 122880K, used 28812K [0x00000000eab00000, 0x00000000f6700000, 0x0000000100000000)
  eden space 113664K, 17% used [0x00000000eab00000,0x00000000ebe26548,0x00000000f1a00000)
  from space 9216K, 99% used [0x00000000f1a00000,0x00000000f22fce28,0x00000000f2300000)
  to   space 12288K, 0% used [0x00000000f5b00000,0x00000000f5b00000,0x00000000f6700000)
 ParOldGen       total 32256K, used 13137K [0x00000000c0000000, 0x00000000c1f80000, 0x00000000eab00000)
  object space 32256K, 40% used [0x00000000c0000000,0x00000000c0cd45b8,0x00000000c1f80000)
 Metaspace       used 34682K, capacity 35292K, committed 35456K, reserved 1079296K
  class space    used 4789K, capacity 4926K, committed 4992K, reserved 1048576K
Event: 92.435 GC heap after
Heap after GC invocations=11 (full 1):
 PSYoungGen      total 179712K, used 8584K [0x00000000eab00000, 0x00000000f6b00000, 0x0000000100000000)
  eden space 167424K, 0% used [0x00000000eab00000,0x00000000eab00000,0x00000000f4e80000)
  from space 12288K, 69% used [0x00000000f5b00000,0x00000000f63620d8,0x00000000f6700000)
  to   space 12800K, 0% used [0x00000000f4e80000,0x00000000f4e80000,0x00000000f5b00000)
 ParOldGen       total 32256K, used 15885K [0x00000000c0000000, 0x00000000c1f80000, 0x00000000eab00000)
  object space 32256K, 49% used [0x00000000c0000000,0x00000000c0f835d8,0x00000000c1f80000)
 Metaspace       used 34682K, capacity 35292K, committed 35456K, reserved 1079296K
  class space    used 4789K, capacity 4926K, committed 4992K, reserved 1048576K
}
Event: 92.435 GC heap before
{Heap before GC invocations=12 (full 2):
 PSYoungGen      total 179712K, used 8584K [0x00000000eab00000, 0x00000000f6b00000, 0x0000000100000000)
  eden space 167424K, 0% used [0x00000000eab00000,0x00000000eab00000,0x00000000f4e80000)
  from space 12288K, 69% used [0x00000000f5b00000,0x00000000f63620d8,0x00000000f6700000)
  to   space 12800K, 0% used [0x00000000f4e80000,0x00000000f4e80000,0x00000000f5b00000)
 ParOldGen       total 32256K, used 15885K [0x00000000c0000000, 0x00000000c1f80000, 0x00000000eab00000)
  object space 32256K, 49% used [0x00000000c0000000,0x00000000c0f835d8,0x00000000c1f80000)
 Metaspace       used 34682K, capacity 35292K, committed 35456K, reserved 1079296K
  class space    used 4789K, capacity 4926K, committed 4992K, reserved 1048576K
Event: 92.607 GC heap after
Heap after GC invocations=12 (full 2):
 PSYoungGen      total 179712K, used 0K [0x00000000eab00000, 0x00000000f6b00000, 0x0000000100000000)
  eden space 167424K, 0% used [0x00000000eab00000,0x00000000eab00000,0x00000000f4e80000)
  from space 12288K, 0% used [0x00000000f5b00000,0x00000000f5b00000,0x00000000f6700000)
  to   space 12800K, 0% used [0x00000000f4e80000,0x00000000f4e80000,0x00000000f5b00000)
 ParOldGen       total 47104K, used 18538K [0x00000000c0000000, 0x00000000c2e00000, 0x00000000eab00000)
  object space 47104K, 39% used [0x00000000c0000000,0x00000000c121a858,0x00000000c2e00000)
 Metaspace       used 34682K, capacity 35292K, committed 35456K, reserved 1079296K
  class space    used 4789K, capacity 4926K, committed 4992K, reserved 1048576K
}
Event: 101.613 GC heap before
{Heap before GC invocations=13 (full 2):
 PSYoungGen      total 179712K, used 167424K [0x00000000eab00000, 0x00000000f6b00000, 0x0000000100000000)
  eden space 167424K, 100% used [0x00000000eab00000,0x00000000f4e80000,0x00000000f4e80000)
  from space 12288K, 0% used [0x00000000f5b00000,0x00000000f5b00000,0x00000000f6700000)
  to   space 12800K, 0% used [0x00000000f4e80000,0x00000000f4e80000,0x00000000f5b00000)
 ParOldGen       total 47104K, used 18538K [0x00000000c0000000, 0x00000000c2e00000, 0x00000000eab00000)
  object space 47104K, 39% used [0x00000000c0000000,0x00000000c121a858,0x00000000c2e00000)
 Metaspace       used 46479K, capacity 47382K, committed 47744K, reserved 1089536K
  class space    used 6466K, capacity 6696K, committed 6784K, reserved 1048576K
Event: 101.670 GC heap after
Heap after GC invocations=13 (full 2):
 PSYoungGen      total 180224K, used 12787K [0x00000000eab00000, 0x00000000fba80000, 0x0000000100000000)
  eden space 167424K, 0% used [0x00000000eab00000,0x00000000eab00000,0x00000000f4e80000)
  from space 12800K, 99% used [0x00000000f4e80000,0x00000000f5afcc70,0x00000000f5b00000)
  to   space 16896K, 0% used [0x00000000faa00000,0x00000000faa00000,0x00000000fba80000)
 ParOldGen       total 47104K, used 24552K [0x00000000c0000000, 0x00000000c2e00000, 0x00000000eab00000)
  object space 47104K, 52% used [0x00000000c0000000,0x00000000c17fa198,0x00000000c2e00000)
 Metaspace       used 46479K, capacity 47382K, committed 47744K, reserved 1089536K
  class space    used 6466K, capacity 6696K, committed 6784K, reserved 1048576K
}
Event: 140.837 GC heap before
{Heap before GC invocations=14 (full 2):
 PSYoungGen      total 180224K, used 180211K [0x00000000eab00000, 0x00000000fba80000, 0x0000000100000000)
  eden space 167424K, 100% used [0x00000000eab00000,0x00000000f4e80000,0x00000000f4e80000)
  from space 12800K, 99% used [0x00000000f4e80000,0x00000000f5afcc70,0x00000000f5b00000)
  to   space 16896K, 0% used [0x00000000faa00000,0x00000000faa00000,0x00000000fba80000)
 ParOldGen       total 47104K, used 24552K [0x00000000c0000000, 0x00000000c2e00000, 0x00000000eab00000)
  object space 47104K, 52% used [0x00000000c0000000,0x00000000c17fa198,0x00000000c2e00000)
 Metaspace       used 50637K, capacity 51718K, committed 51840K, reserved 1093632K
  class space    used 6945K, capacity 7245K, committed 7296K, reserved 1048576K
Event: 140.912 GC heap after
Heap after GC invocations=14 (full 2):
 PSYoungGen      total 257024K, used 15330K [0x00000000eab00000, 0x00000000fba80000, 0x0000000100000000)
  eden space 240128K, 0% used [0x00000000eab00000,0x00000000eab00000,0x00000000f9580000)
  from space 16896K, 90% used [0x00000000faa00000,0x00000000fb8f8808,0x00000000fba80000)
  to   space 18944K, 0% used [0x00000000f9580000,0x00000000f9580000,0x00000000fa800000)
 ParOldGen       total 47104K, used 37246K [0x00000000c0000000, 0x00000000c2e00000, 0x00000000eab00000)
  object space 47104K, 79% used [0x00000000c0000000,0x00000000c245faf8,0x00000000c2e00000)
 Metaspace       used 50637K, capacity 51718K, committed 51840K, reserved 1093632K
  class space    used 6945K, capacity 7245K, committed 7296K, reserved 1048576K
}
Event: 140.912 GC heap before
{Heap before GC invocations=15 (full 3):
 PSYoungGen      total 257024K, used 15330K [0x00000000eab00000, 0x00000000fba80000, 0x0000000100000000)
  eden space 240128K, 0% used [0x00000000eab00000,0x00000000eab00000,0x00000000f9580000)
  from space 16896K, 90% used [0x00000000faa00000,0x00000000fb8f8808,0x00000000fba80000)
  to   space 18944K, 0% used [0x00000000f9580000,0x00000000f9580000,0x00000000fa800000)
 ParOldGen       total 47104K, used 37246K [0x00000000c0000000, 0x00000000c2e00000, 0x00000000eab00000)
  object space 47104K, 79% used [0x00000000c0000000,0x00000000c245faf8,0x00000000c2e00000)
 Metaspace       used 50637K, capacity 51718K, committed 51840K, reserved 1093632K
  class space    used 6945K, capacity 7245K, committed 7296K, reserved 1048576K
Event: 141.650 GC heap after
Heap after GC invocations=15 (full 3):
 PSYoungGen      total 257024K, used 0K [0x00000000eab00000, 0x00000000fba80000, 0x0000000100000000)
  eden space 240128K, 0% used [0x00000000eab00000,0x00000000eab00000,0x00000000f9580000)
  from space 16896K, 0% used [0x00000000faa00000,0x00000000faa00000,0x00000000fba80000)
  to   space 18944K, 0% used [0x00000000f9580000,0x00000000f9580000,0x00000000fa800000)
 ParOldGen       total 47104K, used 45895K [0x00000000c0000000, 0x00000000c2e00000, 0x00000000eab00000)
  object space 47104K, 97% used [0x00000000c0000000,0x00000000c2cd1e28,0x00000000c2e00000)
 Metaspace       used 50637K, capacity 51718K, committed 51840K, reserved 1093632K
  class space    used 6945K, capacity 7245K, committed 7296K, reserved 1048576K
}

Deoptimization events (10 events):
Event: 136.039 Thread 0x0000000016e3b000 Uncommon trap: reason=unstable_if action=reinterpret pc=0x000000000318e918 method=groovy.lang.MetaClassImpl.checkIfStdMethod(Lgroovy/lang/MetaMethod;)V @ 168
Event: 136.253 Thread 0x0000000016e3b000 Uncommon trap: reason=unstable_if action=reinterpret pc=0x000000000338df34 method=com.sun.org.apache.xerces.internal.impl.XMLEntityScanner.scanContent(Lcom/sun/org/apache/xerces/internal/xni/XMLString;)I @ 127
Event: 138.092 Thread 0x0000000016e3b000 Uncommon trap: reason=unstable_if action=reinterpret pc=0x0000000003310e74 method=com.sun.org.apache.xerces.internal.impl.XMLEntityScanner.checkBeforeLoad(Lcom/sun/xml/internal/stream/Entity$ScannedEntity;II)I @ 18
Event: 138.677 Thread 0x0000000016e3b000 Uncommon trap: reason=unstable_if action=reinterpret pc=0x000000000263a1c8 method=sun.nio.cs.UTF_8$Decoder.decode([BII[C)I @ 30
Event: 138.837 Thread 0x0000000016e3b000 Uncommon trap: reason=unstable_if action=reinterpret pc=0x00000000032a07d0 method=com.android.utils.PositionXmlParser$DomBuilder.findOpeningTag(Lcom/android/utils/PositionXmlParser$Position;)Lcom/android/utils/PositionXmlParser$Position; @ 59
Event: 139.054 Thread 0x0000000016e3b000 Uncommon trap: reason=unstable_if action=reinterpret pc=0x00000000039b0318 method=com.sun.org.apache.xerces.internal.impl.XMLEntityScanner.scanQName(Lcom/sun/org/apache/xerces/internal/xni/QName;Lcom/sun/org/apache/xerces/internal/impl/XMLScanner$NameType
Event: 140.142 Thread 0x0000000016e3b000 Uncommon trap: reason=unstable_if action=reinterpret pc=0x00000000037a53bc method=com.sun.org.apache.xerces.internal.parsers.AbstractSAXParser$AttributesProxy.getURI(I)Ljava/lang/String; @ 12
Event: 140.185 Thread 0x0000000016e3b000 Uncommon trap: reason=unstable_if action=reinterpret pc=0x00000000036e2628 method=com.sun.org.apache.xerces.internal.dom.NamedNodeMapImpl.findNamePoint(Ljava/lang/String;I)I @ 76
Event: 140.190 Thread 0x0000000016e3b000 Uncommon trap: reason=unstable_if action=reinterpret pc=0x0000000003a2b1b0 method=com.sun.org.apache.xerces.internal.dom.NamedNodeMapImpl.findNamePoint(Ljava/lang/String;I)I @ 76
Event: 140.200 Thread 0x0000000016e3b000 Uncommon trap: reason=unstable_if action=reinterpret pc=0x0000000003a1f904 method=com.sun.org.apache.xerces.internal.dom.NamedNodeMapImpl.findNamePoint(Ljava/lang/String;I)I @ 76

Internal exceptions (10 events):
Event: 136.602 Thread 0x0000000016e3b000 Exception <a 'java/lang/ClassNotFoundException': com/android/ide/common/res2/AssetMergerCustomizer> (0x00000000f0853068) thrown at [C:\re\workspace\8-2-build-windows-amd64-cygwin\jdk8u131\8869\hotspot\src\share\vm\classfile\systemDictionary.cpp, line 210]
Event: 136.611 Thread 0x0000000016e3b000 Exception <a 'java/lang/ClassNotFoundException': com/android/ide/common/res2/AssetSetBeanInfo> (0x00000000f08a1478) thrown at [C:\re\workspace\8-2-build-windows-amd64-cygwin\jdk8u131\8869\hotspot\src\share\vm\classfile\systemDictionary.cpp, line 210]
Event: 136.612 Thread 0x0000000016e3b000 Exception <a 'java/lang/ClassNotFoundException': com/android/ide/common/res2/DataSetBeanInfo> (0x00000000f08af1d0) thrown at [C:\re\workspace\8-2-build-windows-amd64-cygwin\jdk8u131\8869\hotspot\src\share\vm\classfile\systemDictionary.cpp, line 210]
Event: 136.613 Thread 0x0000000016e3b000 Exception <a 'java/lang/ClassNotFoundException': com/android/ide/common/res2/DataSetCustomizer> (0x00000000f08bd2b8) thrown at [C:\re\workspace\8-2-build-windows-amd64-cygwin\jdk8u131\8869\hotspot\src\share\vm\classfile\systemDictionary.cpp, line 210]
Event: 136.617 Thread 0x0000000016e3b000 Exception <a 'java/lang/ClassNotFoundException': com/android/ide/common/res2/AssetSetCustomizer> (0x00000000f08e81c0) thrown at [C:\re\workspace\8-2-build-windows-amd64-cygwin\jdk8u131\8869\hotspot\src\share\vm\classfile\systemDictionary.cpp, line 210]
Event: 136.634 Thread 0x0000000016e3b000 Exception <a 'java/lang/ClassNotFoundException': com/android/ide/common/res2/MergedAssetWriterBeanInfo> (0x00000000f094d318) thrown at [C:\re\workspace\8-2-build-windows-amd64-cygwin\jdk8u131\8869\hotspot\src\share\vm\classfile\systemDictionary.cpp, line 
Event: 136.635 Thread 0x0000000016e3b000 Exception <a 'java/lang/ClassNotFoundException': com/android/ide/common/res2/MergeWriterBeanInfo> (0x00000000f095b810) thrown at [C:\re\workspace\8-2-build-windows-amd64-cygwin\jdk8u131\8869\hotspot\src\share\vm\classfile\systemDictionary.cpp, line 210]
Event: 136.636 Thread 0x0000000016e3b000 Exception <a 'java/lang/ClassNotFoundException': com/android/ide/common/res2/MergeWriterCustomizer> (0x00000000f096a088) thrown at [C:\re\workspace\8-2-build-windows-amd64-cygwin\jdk8u131\8869\hotspot\src\share\vm\classfile\systemDictionary.cpp, line 210]
Event: 136.638 Thread 0x0000000016e3b000 Exception <a 'java/lang/ClassNotFoundException': com/android/ide/common/res2/MergedAssetWriterCustomizer> (0x00000000f097d440) thrown at [C:\re\workspace\8-2-build-windows-amd64-cygwin\jdk8u131\8869\hotspot\src\share\vm\classfile\systemDictionary.cpp, lin
Event: 136.812 Thread 0x0000000016e3b000 Exception <a 'java/lang/NoSuchMethodError': <clinit>> (0x00000000f0b50ee0) thrown at [C:\re\workspace\8-2-build-windows-amd64-cygwin\jdk8u131\8869\hotspot\src\share\vm\prims\jni.cpp, line 1613]

Events (10 events):
Event: 141.704 Thread 0x0000000014bf4000 flushing nmethod 0x00000000037ea490
Event: 141.704 Thread 0x0000000014bf4000 flushing nmethod 0x0000000003803350
Event: 141.704 Thread 0x0000000014bf4000 flushing nmethod 0x000000000380ba10
Event: 141.704 Thread 0x0000000014bf4000 flushing nmethod 0x0000000003823e10
Event: 141.704 Thread 0x0000000014bf4000 flushing nmethod 0x0000000003836790
Event: 141.704 Thread 0x0000000014bf4000 flushing nmethod 0x0000000003836b50
Event: 141.704 Thread 0x0000000014bf4000 flushing nmethod 0x00000000038371d0
Event: 141.704 Thread 0x0000000014bf4000 flushing nmethod 0x0000000003882190
Event: 141.704 Thread 0x0000000014bf4000 flushing nmethod 0x00000000038a77d0
Event: 141.709 Thread 0x0000000014bf4000 flushing nmethod 0x00000000038cad90


Dynamic libraries:
0x00007ff708490000 - 0x00007ff7084c7000 	C:\Program Files\Java\jdk1.8.0_131\bin\java.exe
0x00007ff84bf90000 - 0x00007ff84c152000 	C:\Windows\SYSTEM32\ntdll.dll
0x00007ff84bdc0000 - 0x00007ff84be6d000 	C:\Windows\system32\KERNEL32.DLL
0x00007ff849480000 - 0x00007ff84965d000 	C:\Windows\system32\KERNELBASE.dll
0x00007ff84bd10000 - 0x00007ff84bdb6000 	C:\Windows\system32\ADVAPI32.dll
0x00007ff849f40000 - 0x00007ff849fdd000 	C:\Windows\system32\msvcrt.dll
0x00007ff849ee0000 - 0x00007ff849f3b000 	C:\Windows\system32\sechost.dll
0x00007ff84bba0000 - 0x00007ff84bcc6000 	C:\Windows\system32\RPCRT4.dll
0x00007ff84b900000 - 0x00007ff84ba4e000 	C:\Windows\system32\USER32.dll
0x00007ff849ce0000 - 0x00007ff849e65000 	C:\Windows\system32\GDI32.dll
0x00007ff8442e0000 - 0x00007ff844554000 	C:\Windows\WinSxS\amd64_microsoft.windows.common-controls_6595b64144ccf1df_6.0.10240.16384_none_f41f7b285750ef43\COMCTL32.dll
0x00007ff84bcd0000 - 0x00007ff84bd06000 	C:\Windows\system32\IMM32.DLL
0x00007ff84a070000 - 0x00007ff84a1cc000 	C:\Windows\system32\MSCTF.dll
0x000000006fdc0000 - 0x000000006fe92000 	C:\Program Files\Java\jdk1.8.0_131\jre\bin\msvcr100.dll
0x000000006f0a0000 - 0x000000006f93c000 	C:\Program Files\Java\jdk1.8.0_131\jre\bin\server\jvm.dll
0x00007ff849ed0000 - 0x00007ff849ed8000 	C:\Windows\system32\PSAPI.DLL
0x00007ff83e860000 - 0x00007ff83e869000 	C:\Windows\SYSTEM32\WSOCK32.dll
0x00007ff8440b0000 - 0x00007ff8440d3000 	C:\Windows\SYSTEM32\WINMM.dll
0x00007ff842dd0000 - 0x00007ff842dda000 	C:\Windows\SYSTEM32\VERSION.dll
0x00007ff84be70000 - 0x00007ff84bed9000 	C:\Windows\system32\WS2_32.dll
0x00007ff84a060000 - 0x00007ff84a068000 	C:\Windows\system32\NSI.dll
0x0000000000690000 - 0x00000000006bc000 	C:\Windows\SYSTEM32\WINMMBASE.dll
0x00007ff848c30000 - 0x00007ff848c74000 	C:\Windows\system32\cfgmgr32.dll
0x00007ff847290000 - 0x00007ff8472b7000 	C:\Windows\SYSTEM32\DEVOBJ.dll
0x0000000070240000 - 0x000000007024f000 	C:\Program Files\Java\jdk1.8.0_131\jre\bin\verify.dll
0x0000000070210000 - 0x0000000070239000 	C:\Program Files\Java\jdk1.8.0_131\jre\bin\java.dll
0x00000000701f0000 - 0x0000000070206000 	C:\Program Files\Java\jdk1.8.0_131\jre\bin\zip.dll
0x00007ff84a3d0000 - 0x00007ff84b8f5000 	C:\Windows\system32\SHELL32.dll
0x00007ff848c80000 - 0x00007ff8492a8000 	C:\Windows\system32\windows.storage.dll
0x00007ff849680000 - 0x00007ff8498fc000 	C:\Windows\system32\combase.dll
0x00007ff849e70000 - 0x00007ff849ec1000 	C:\Windows\system32\shlwapi.dll
0x00007ff848a10000 - 0x00007ff848a1f000 	C:\Windows\system32\kernel.appcore.dll
0x00007ff848b70000 - 0x00007ff848c23000 	C:\Windows\system32\shcore.dll
0x00007ff8489c0000 - 0x00007ff848a0a000 	C:\Windows\system32\powrprof.dll
0x00007ff848a40000 - 0x00007ff848a53000 	C:\Windows\system32\profapi.dll
0x00000000701d0000 - 0x00000000701ea000 	C:\Program Files\Java\jdk1.8.0_131\jre\bin\net.dll
0x00007ff848230000 - 0x00007ff84828d000 	C:\Windows\system32\mswsock.dll
0x00000000701b0000 - 0x00000000701c1000 	C:\Program Files\Java\jdk1.8.0_131\jre\bin\nio.dll
0x00007ff8434a0000 - 0x00007ff8434b2000 	C:\Users\AJIRI GUNN\.gradle\native\19\windows-amd64\native-platform.dll
0x00007ff848290000 - 0x00007ff8482a7000 	C:\Windows\SYSTEM32\CRYPTSP.dll
0x00007ff848500000 - 0x00007ff848528000 	C:\Windows\SYSTEM32\bcrypt.dll
0x00007ff847ee0000 - 0x00007ff847f13000 	C:\Windows\system32\rsaenh.dll
0x00007ff847fd0000 - 0x00007ff847fef000 	C:\Windows\SYSTEM32\USERENV.dll
0x00007ff848810000 - 0x00007ff84887b000 	C:\Windows\system32\bcryptprimitives.dll
0x00007ff848400000 - 0x00007ff84840b000 	C:\Windows\SYSTEM32\CRYPTBASE.dll
0x00007ff841e20000 - 0x00007ff841e58000 	C:\Windows\SYSTEM32\IPHLPAPI.DLL
0x00007ff841eb0000 - 0x00007ff841ebb000 	C:\Windows\SYSTEM32\WINNSI.DLL
0x00007ff841a30000 - 0x00007ff841a46000 	C:\Windows\SYSTEM32\dhcpcsvc6.DLL
0x00007ff841cf0000 - 0x00007ff841d0a000 	C:\Windows\SYSTEM32\dhcpcsvc.DLL
0x000000006ffb0000 - 0x000000006ffbd000 	C:\Program Files\Java\jdk1.8.0_131\jre\bin\management.dll
0x000000006fee0000 - 0x000000006ff04000 	C:\Program Files\Java\jdk1.8.0_131\jre\bin\sunec.dll
0x00007ff848030000 - 0x00007ff8480d8000 	C:\Windows\SYSTEM32\DNSAPI.dll
0x00007ff83eb80000 - 0x00007ff83eb8a000 	C:\Windows\System32\rasadhlp.dll

VM Arguments:
jvm_args: -XX:MaxPermSize=256m -XX:+HeapDumpOnOutOfMemoryError -Xmx1024m -Dfile.encoding=windows-1252 -Duser.country=US -Duser.language=en -Duser.variant 
java_command: org.gradle.launcher.daemon.bootstrap.GradleDaemon 2.14.1
java_class_path (initial): C:\Program Files\Android\Android Studio1\gradle\gradle-2.14.1\lib\gradle-launcher-2.14.1.jar
Launcher Type: SUN_STANDARD

Environment Variables:
PATH=C:\ProgramData\Oracle\Java\javapath;C:\Program Files (x86)\Java\jdk1.8.0_60;C:\Windows\system32;C:\Windows;C:\Windows\System32\Wbem;C:\Windows\System32\WindowsPowerShell\v1.0\;C:\Program Files\7-Zip;C:\Program Files (x86)\Common Files\lenovo\easyplussdk\bin;C:\Program Files\MATLAB\R2016a\runtime\win64;C:\Program Files\MATLAB\R2016a\bin;C:\Program Files\MATLAB\R2016a\polyspace\bin;C:\Program Files (x86)\Java\jdk1.8.0_60\bin
USERNAME=AJIRI GUNN
OS=Windows_NT
PROCESSOR_IDENTIFIER=Intel64 Family 6 Model 37 Stepping 5, GenuineIntel



---------------  S Y S T E M  ---------------

OS: Windows 10.0 , 64 bit Build 10240 (10.0.10240.16384)

CPU:total 4 (initial active 4) (2 cores per cpu, 2 threads per core) family 6 model 37 stepping 5, cmov, cx8, fxsr, mmx, sse, sse2, sse3, ssse3, sse4.1, sse4.2, popcnt, aes, clmul, ht, tsc, tscinvbit

Memory: 4k page, physical 3980672k(606164k free), swap 16039296k(5140k free)

vm_info: Java HotSpot(TM) 64-Bit Server VM (25.131-b11) for windows-amd64 JRE (1.8.0_131-b11), built on Mar 15 2017 01:23:53 by "java_re" with MS VC++ 10.0 (VS2010)

time: Mon Apr 02 04:02:13 2018
elapsed time: 141 seconds (0d 0h 2m 21s)

